<?xml version="1.0" encoding="UTF-8"?>
<!-- Generated by org.testng.reporters.JUnitReportReporter -->
<testsuite hostname="CerberusStation" failures="0" tests="1" name="tests.WelcomePage" time="2.564" errors="0" timestamp="2023-08-07T19:58:53 CEST" skipped="0">
  <testcase classname="tests.WelcomePage" name="checkWrongCredentials" time="2.564"/>
</testsuite> <!-- tests.WelcomePage -->
