<?xml version="1.0" encoding="UTF-8"?>
<!-- Generated by org.testng.reporters.JUnitReportReporter -->
<testsuite hostname="CerberusStation" failures="0" tests="1" name="tests.WelcomePage" time="3.037" errors="0" timestamp="2023-08-08T21:10:16 CEST" skipped="0">
  <testcase classname="tests.WelcomePage" name="checkWrongCredentials" time="3.037"/>
</testsuite> <!-- tests.WelcomePage -->
