<?xml version="1.0" encoding="UTF-8"?>
<!-- Generated by org.testng.reporters.JUnitReportReporter -->
<testsuite hostname="CerberusStation" failures="0" tests="1" name="tests.Test2" time="0.004" errors="0" timestamp="2023-08-07T18:59:39 CEST" skipped="0">
  <testcase classname="tests.Test2" name="watever" time="0.004"/>
</testsuite> <!-- tests.Test2 -->
